User tch01@gmail.com logged in.
User tch01@gmail.com logged out
User admin@gmail.com logged out
User admin@gmail.com logged in.
User admin@gmail.com logged out
User b.benzpratthana.34839@gmail.com logged out
User tch01@gmail.com logged in.
User nsc@gmail.com logged out
✅ New user registered: test01@gmail.com
Storage can not find an available filename for "classroom_covers\DALLE_2025-06-28_12_x3sopDk.24.53_-_A_beautifully_designed_minimalistic_educational_illustration_with_no_people._The_composition_includes_a_clean_elegant_open_book_a_softly_glowing_glo.webp". Please make sure that the corresponding file field allows sufficient "max_length".
Traceback (most recent call last):
  File "D:\NSC_PROJECT2025\NSC2025\.venv\Lib\site-packages\asgiref\sync.py", line 518, in thread_handler
    raise exc_info[1]
  File "D:\NSC_PROJECT2025\NSC2025\.venv\Lib\site-packages\django\core\handlers\exception.py", line 42, in inner
    response = await get_response(request)
               ^^^^^^^^^^^^^^^^^^^^^^^^^^^
  File "D:\NSC_PROJECT2025\NSC2025\.venv\Lib\site-packages\asgiref\sync.py", line 518, in thread_handler
    raise exc_info[1]
  File "D:\NSC_PROJECT2025\NSC2025\.venv\Lib\site-packages\django\core\handlers\base.py", line 253, in _get_response_async
    response = await wrapped_callback(
               ^^^^^^^^^^^^^^^^^^^^^^^
        request, *callback_args, **callback_kwargs
        ^^^^^^^^^^^^^^^^^^^^^^^^^^^^^^^^^^^^^^^^^^
    )
    ^
  File "D:\NSC_PROJECT2025\NSC2025\.venv\Lib\site-packages\asgiref\sync.py", line 468, in __call__
    ret = await asyncio.shield(exec_coro)
          ^^^^^^^^^^^^^^^^^^^^^^^^^^^^^^^
  File "D:\NSC_PROJECT2025\NSC2025\.venv\Lib\site-packages\asgiref\current_thread_executor.py", line 40, in run
    result = self.fn(*self.args, **self.kwargs)
  File "D:\NSC_PROJECT2025\NSC2025\.venv\Lib\site-packages\asgiref\sync.py", line 522, in thread_handler
    return func(*args, **kwargs)
  File "D:\NSC_PROJECT2025\NSC2025\.venv\Lib\site-packages\django\contrib\auth\decorators.py", line 59, in _view_wrapper
    return view_func(request, *args, **kwargs)
  File "D:\NSC_PROJECT2025\NSC2025\classroom\views.py", line 572, in class_create_teacher
    classroom = Classroom.objects.create(
        name=name,
        teacher=request.user,
        cover_image=cover_image
    )
  File "D:\NSC_PROJECT2025\NSC2025\.venv\Lib\site-packages\django\db\models\manager.py", line 87, in manager_method
    return getattr(self.get_queryset(), name)(*args, **kwargs)
           ~~~~~~~~~~~~~~~~~~~~~~~~~~~~~~~~~~^^^^^^^^^^^^^^^^^
  File "D:\NSC_PROJECT2025\NSC2025\.venv\Lib\site-packages\django\db\models\query.py", line 663, in create
    obj.save(force_insert=True, using=self.db)
    ~~~~~~~~^^^^^^^^^^^^^^^^^^^^^^^^^^^^^^^^^^
  File "D:\NSC_PROJECT2025\NSC2025\classroom\models.py", line 56, in save
    super().save(*args, **kwargs)
    ~~~~~~~~~~~~^^^^^^^^^^^^^^^^^
  File "D:\NSC_PROJECT2025\NSC2025\.venv\Lib\site-packages\django\db\models\base.py", line 902, in save
    self.save_base(
    ~~~~~~~~~~~~~~^
        using=using,
        ^^^^^^^^^^^^
    ...<2 lines>...
        update_fields=update_fields,
        ^^^^^^^^^^^^^^^^^^^^^^^^^^^^
    )
    ^
  File "D:\NSC_PROJECT2025\NSC2025\.venv\Lib\site-packages\django\db\models\base.py", line 1008, in save_base
    updated = self._save_table(
        raw,
    ...<4 lines>...
        update_fields,
    )
  File "D:\NSC_PROJECT2025\NSC2025\.venv\Lib\site-packages\django\db\models\base.py", line 1169, in _save_table
    results = self._do_insert(
        cls._base_manager, using, fields, returning_fields, raw
    )
  File "D:\NSC_PROJECT2025\NSC2025\.venv\Lib\site-packages\django\db\models\base.py", line 1210, in _do_insert
    return manager._insert(
           ~~~~~~~~~~~~~~~^
        [self],
        ^^^^^^^
    ...<3 lines>...
        raw=raw,
        ^^^^^^^^
    )
    ^
  File "D:\NSC_PROJECT2025\NSC2025\.venv\Lib\site-packages\django\db\models\manager.py", line 87, in manager_method
    return getattr(self.get_queryset(), name)(*args, **kwargs)
           ~~~~~~~~~~~~~~~~~~~~~~~~~~~~~~~~~~^^^^^^^^^^^^^^^^^
  File "D:\NSC_PROJECT2025\NSC2025\.venv\Lib\site-packages\django\db\models\query.py", line 1868, in _insert
    return query.get_compiler(using=using).execute_sql(returning_fields)
           ~~~~~~~~~~~~~~~~~~~~~~~~~~~~~~~~~~~~~~~~~~~^^^^^^^^^^^^^^^^^^
  File "D:\NSC_PROJECT2025\NSC2025\.venv\Lib\site-packages\django\db\models\sql\compiler.py", line 1881, in execute_sql
    for sql, params in self.as_sql():
                       ~~~~~~~~~~~^^
  File "D:\NSC_PROJECT2025\NSC2025\.venv\Lib\site-packages\django\db\models\sql\compiler.py", line 1806, in as_sql
    self.prepare_value(field, self.pre_save_val(field, obj))
                              ~~~~~~~~~~~~~~~~~^^^^^^^^^^^^
  File "D:\NSC_PROJECT2025\NSC2025\.venv\Lib\site-packages\django\db\models\sql\compiler.py", line 1750, in pre_save_val
    return field.pre_save(obj, add=True)
           ~~~~~~~~~~~~~~^^^^^^^^^^^^^^^
  File "D:\NSC_PROJECT2025\NSC2025\.venv\Lib\site-packages\django\db\models\fields\files.py", line 338, in pre_save
    file.save(file.name, file.file, save=False)
    ~~~~~~~~~^^^^^^^^^^^^^^^^^^^^^^^^^^^^^^^^^^
  File "D:\NSC_PROJECT2025\NSC2025\.venv\Lib\site-packages\django\db\models\fields\files.py", line 99, in save
    self.name = self.storage.save(name, content, max_length=self.field.max_length)
                ~~~~~~~~~~~~~~~~~^^^^^^^^^^^^^^^^^^^^^^^^^^^^^^^^^^^^^^^^^^^^^^^^^
  File "D:\NSC_PROJECT2025\NSC2025\.venv\Lib\site-packages\django\core\files\storage\base.py", line 44, in save
    name = self.get_available_name(name, max_length=max_length)
  File "D:\NSC_PROJECT2025\NSC2025\.venv\Lib\site-packages\django\core\files\storage\base.py", line 107, in get_available_name
    raise SuspiciousFileOperation(
    ...<3 lines>...
    )
django.core.exceptions.SuspiciousFileOperation: Storage can not find an available filename for "classroom_covers\DALLE_2025-06-28_12_x3sopDk.24.53_-_A_beautifully_designed_minimalistic_educational_illustration_with_no_people._The_composition_includes_a_clean_elegant_open_book_a_softly_glowing_glo.webp". Please make sure that the corresponding file field allows sufficient "max_length".
User test01@gmail.com logged out
User prarttnadavng@gmail.com logged out
User b.benzpratthana.34839@gmail.com logged out
User b.benzpratthana.34839@gmail.com logged out
User nsc@gmail.com logged in.
User nsc@gmail.com logged in.
User nsc@gmail.com logged out
User prarttnadavng@gmail.com logged out
User test01@gmail.com logged in.
